C51 COMPILER V9.56.0.0   SHIYI                                                             01/14/2022 16:19:33 PAGE 1   


C51 COMPILER V9.56.0.0, COMPILATION OF MODULE SHIYI
OBJECT MODULE PLACED IN .\Objects\shiyi.obj
COMPILER INVOKED BY: C:\Keil_v5\C51\BIN\C51.EXE shiyi.c OPTIMIZE(8,SPEED) BROWSE DEBUG OBJECTEXTEND PRINT(.\Listings\shi
                    -yi.lst) TABS(2) OBJECT(.\Objects\shiyi.obj)

line level    source

   1          #include<reg51.h>
   2          sbit R1=P3^0;//??????(????????,????????????,??????)
   3          sbit R2=P3^1;//??????
   4          sbit R3=P3^2;//??????
   5          sbit R4=P3^3;//??????
   6          
   7          sbit C1=P4^4;//??????(???????)
   8          sbit C2=P4^2;//??????
   9          sbit C3=P3^5;//??????
  10          sbit C4=P3^4;//??????
  11          uchar wei=7;
  12          uchar count1=0;
  13          uchar count2=0;
  14          uchar count3=0;
  15          uchar count4=0;
  16          void Init()//???????
  17          {
  18   1        R1=R2=R3=R4=1;
  19   1        C1=C2=C3=C4=1;
  20   1      }
  21          void Scan_keys()
  22          {
  23   1        C1 = C2 = C3 = C4 = 1;
  24   1        if(C1 == 0)
  25   1        {
  26   2          delay_ms(50);
  27   2          if(C1 == 0)
  28   2          {
  29   3            shumaguan_control(wei,0);
  30   3          }
  31   2          while(C1 == 0);
  32   2        }
  33   1        else if(C2 == 0)
  34   1        {
  35   2          delay_ms(50);
  36   2          if(C2 == 0)
  37   2          {
  38   3              shumaguan_control(wei,1);
  39   3          }
  40   2          while(C2 == 0);
  41   2        }
  42   1        else if(C3 == 0)
  43   1        {
  44   2        delay_ms(50);
  45   2          if(C3 == 0)
  46   2          {
  47   3              shumaguan_control(wei,2);
  48   3          }
  49   2          while(C3 == 0);
  50   2        }
  51   1        else if(C4 == 0)
  52   1        {
  53   2          delay_ms(50);
  54   2          if(C4 == 0)
C51 COMPILER V9.56.0.0   SHIYI                                                             01/14/2022 16:19:33 PAGE 2   

  55   2          {
  56   3              shumaguan_control(wei,3);
  57   3          }
  58   2          while(C4 == 0);
  59   2        }
  60   1      }
  61          void main()
  62          {
  63   1        while(1)
  64   1        {
  65   2          Init();
  66   2          R1=0;
  67   2          Scan_keys();
  68   2          
  69   2        }
  70   1      }


MODULE INFORMATION:   STATIC OVERLAYABLE
   CODE SIZE        =    431    ----
   CONSTANT SIZE    =     49    ----
   XDATA SIZE       =   ----    ----
   PDATA SIZE       =   ----    ----
   DATA SIZE        =      5       6
   IDATA SIZE       =   ----    ----
   BIT SIZE         =   ----    ----
END OF MODULE INFORMATION.


C51 COMPILATION COMPLETE.  0 WARNING(S),  0 ERROR(S)
